[2025-10-25T07:20:56.810Z] Получен путь директории "Documents" из реестра Windows: "C:\Users\evgen\OneDrive\Документы".
[2025-10-25T07:20:59.117Z] Проверка версии приложения.
[2025-10-25T07:20:59.157Z] Ошибка при выполнении запроса. Путь: "http://127.0.0.1:30001/client/version". Ошибка: TypeError: fetch failed. Код: ECONNREFUSED.
[2025-10-25T07:20:59.159Z] Ошибка при выполнении запроса. Путь: "http://127.0.0.1:30001/client/version". Ошибка: TypeError: fetch failed. Код: ECONNREFUSED.
[2025-10-25T07:20:59.162Z] Ошибка при выполнении запроса. Путь: "http://127.0.0.1:30001/client/version". Ошибка: TypeError: fetch failed. Код: ECONNREFUSED.
[2025-10-25T07:20:59.165Z] Ошибка при выполнении запроса. Путь: "http://127.0.0.1:30001/client/version". Ошибка: TypeError: fetch failed. Код: ECONNREFUSED.
[2025-10-25T07:20:59.166Z] Ошибка при выполнении запроса. Путь: "http://127.0.0.1:30001/client/version". Ошибка: TypeError: fetch failed. Код: ECONNREFUSED.
[2025-10-25T07:21:30.390Z] Получен путь директории "Documents" из реестра Windows: "C:\Users\evgen\OneDrive\Документы".
[2025-10-25T07:21:30.697Z] Проверка версии приложения.
[2025-10-25T07:21:30.756Z] Текущая версия приложения совпадает с актуальной.
[2025-10-25T07:25:31.175Z] Получен путь директории "Documents" из реестра Windows: "C:\Users\evgen\OneDrive\Документы".
[2025-10-25T07:25:31.485Z] Проверка версии приложения.
[2025-10-25T07:25:31.546Z] Текущая версия приложения совпадает с актуальной.
[2025-10-25T07:25:31.551Z] Не удалось получить ответ. Путь: "http://127.0.0.1:30001/routes". Статус: 404.
[2025-10-25T07:28:29.559Z] Получен путь директории "Documents" из реестра Windows: "C:\Users\evgen\OneDrive\Документы".
[2025-10-25T07:28:29.891Z] Проверка версии приложения.
[2025-10-25T07:28:29.946Z] Текущая версия приложения совпадает с актуальной.
[2025-10-25T07:30:06.713Z] Получен путь директории "Documents" из реестра Windows: "C:\Users\evgen\OneDrive\Документы".
[2025-10-25T07:30:07.003Z] Проверка версии приложения.
[2025-10-25T07:30:07.059Z] Текущая версия приложения совпадает с актуальной.
[2025-10-25T07:30:17.155Z] Получен путь директории "Documents" из реестра Windows: "C:\Users\evgen\OneDrive\Документы".
[2025-10-25T07:30:17.458Z] Проверка версии приложения.
[2025-10-25T07:30:17.516Z] Текущая версия приложения совпадает с актуальной.
[2025-10-25T10:49:20.109Z] Получен путь директории "Documents" из реестра Windows: "C:\Users\evgen\OneDrive\Документы".
[2025-10-25T10:49:20.425Z] Проверка версии приложения.
[2025-10-25T10:49:20.481Z] Текущая версия приложения совпадает с актуальной.
[2025-10-25T11:07:21.631Z] Получен путь директории "Documents" из реестра Windows: "C:\Users\evgen\OneDrive\Документы".
[2025-10-25T11:07:21.940Z] Проверка версии приложения.
[2025-10-25T11:07:21.994Z] Текущая версия приложения совпадает с актуальной.
[2025-10-25T11:07:22.169Z] Проверка конфигурации ACR.
[2025-10-25T11:07:22.169Z] Конфигурация ACR завершена.
[2025-10-25T11:07:22.170Z] Проверка конфигурации WRC23.
[2025-10-25T11:07:22.184Z] Конфигурация WRC23 завершена.
[2025-10-25T11:07:22.184Z] Проверка конфигурации DRT20.
[2025-10-25T11:07:22.193Z] Конфигурация DRT20 завершена.
[2025-10-25T11:08:17.950Z] Получен путь директории "Documents" из реестра Windows: "C:\Users\evgen\OneDrive\Документы".
[2025-10-25T11:08:18.265Z] Проверка версии приложения.
[2025-10-25T11:08:18.319Z] Текущая версия приложения совпадает с актуальной.
[2025-10-25T11:08:18.486Z] Проверка конфигурации ACR.
[2025-10-25T11:08:18.486Z] Конфигурация ACR завершена.
[2025-10-25T11:08:18.486Z] Проверка конфигурации WRC23.
[2025-10-25T11:08:18.487Z] Конфигурация WRC23 завершена.
[2025-10-25T11:08:18.487Z] Проверка конфигурации DRT20.
[2025-10-25T11:08:18.487Z] Конфигурация DRT20 завершена.
[2025-10-25T11:44:06.957Z] Получен путь директории "Documents" из реестра Windows: "C:\Users\evgen\OneDrive\Документы".
[2025-10-25T11:44:31.931Z] Получен путь директории "Documents" из реестра Windows: "C:\Users\evgen\OneDrive\Документы".
[2025-10-25T11:44:32.225Z] Проверка версии приложения.
[2025-10-25T11:44:32.281Z] Текущая версия приложения совпадает с актуальной.
[2025-10-25T11:45:24.501Z] Получен путь директории "Documents" из реестра Windows: "C:\Users\evgen\OneDrive\Документы".
[2025-10-25T11:45:24.806Z] Проверка версии приложения.
[2025-10-25T11:45:24.865Z] Текущая версия приложения совпадает с актуальной.
[2025-10-25T11:45:25.021Z] Проверка конфигурации DRT20.
[2025-10-25T11:45:25.021Z] Конфигурация DRT20 завершена.
[2025-10-25T11:45:25.021Z] Проверка конфигурации WRC23.
[2025-10-25T11:45:25.022Z] Конфигурация WRC23 завершена.
[2025-10-25T11:45:25.022Z] Проверка конфигурации ACR.
[2025-10-25T11:45:25.022Z] Конфигурация ACR завершена.
[2025-10-25T11:45:40.568Z] Получен путь директории "Documents" из реестра Windows: "C:\Users\evgen\OneDrive\Документы".
[2025-10-25T11:45:40.860Z] Проверка версии приложения.
[2025-10-25T11:45:40.917Z] Текущая версия приложения совпадает с актуальной.
[2025-10-25T11:45:41.075Z] Проверка конфигурации DRT20.
[2025-10-25T11:45:41.075Z] Конфигурация DRT20 завершена.
[2025-10-25T11:45:41.076Z] Проверка конфигурации WRC23.
[2025-10-25T11:45:41.076Z] Конфигурация WRC23 завершена.
[2025-10-25T11:45:41.076Z] Проверка конфигурации ACR.
[2025-10-25T11:45:41.076Z] Конфигурация ACR завершена.
[2025-10-25T12:04:37.930Z] Получен путь директории "Documents" из реестра Windows: "C:\Users\evgen\OneDrive\Документы".
[2025-10-25T12:04:38.249Z] Проверка версии приложения.
[2025-10-25T12:04:38.302Z] Текущая версия приложения совпадает с актуальной.
[2025-10-25T12:04:38.479Z] Проверка конфигурации DRT20.
[2025-10-25T12:04:38.480Z] Конфигурация DRT20 завершена.
[2025-10-25T12:04:38.480Z] Проверка конфигурации WRC23.
[2025-10-25T12:04:38.480Z] Конфигурация WRC23 завершена.
[2025-10-25T12:04:38.481Z] Проверка конфигурации ACR.
[2025-10-25T12:04:38.481Z] Конфигурация ACR завершена.
[2025-10-25T14:29:43.733Z] Получен путь директории "Documents" из реестра Windows: "C:\Users\evgen\OneDrive\Документы".
[2025-10-25T14:29:44.050Z] Проверка версии приложения.
[2025-10-25T14:29:44.107Z] Текущая версия приложения совпадает с актуальной.
[2025-10-25T14:29:47.776Z] Проверка конфигурации DRT20.
[2025-10-25T14:29:47.777Z] Конфигурация DRT20 завершена.
[2025-10-25T14:29:47.777Z] Проверка конфигурации WRC23.
[2025-10-25T14:29:47.778Z] Конфигурация WRC23 завершена.
[2025-10-25T14:29:47.778Z] Проверка конфигурации ACR.
[2025-10-25T14:29:47.778Z] Конфигурация ACR завершена.
[2025-10-25T14:30:41.260Z] Получен путь директории "Documents" из реестра Windows: "C:\Users\evgen\OneDrive\Документы".
[2025-10-25T14:30:41.594Z] Проверка версии приложения.
[2025-10-25T14:30:41.645Z] Текущая версия приложения совпадает с актуальной.
[2025-10-25T14:30:41.814Z] Проверка конфигурации DRT20.
[2025-10-25T14:30:41.815Z] Конфигурация DRT20 завершена.
[2025-10-25T14:30:41.815Z] Проверка конфигурации WRC23.
[2025-10-25T14:30:41.816Z] Конфигурация WRC23 завершена.
[2025-10-25T14:30:41.816Z] Проверка конфигурации ACR.
[2025-10-25T14:30:41.816Z] Конфигурация ACR завершена.
[2025-10-25T14:31:13.608Z] Получен путь директории "Documents" из реестра Windows: "C:\Users\evgen\OneDrive\Документы".
[2025-10-25T14:31:13.932Z] Проверка версии приложения.
[2025-10-25T14:31:13.986Z] Текущая версия приложения совпадает с актуальной.
[2025-10-25T14:31:14.146Z] Проверка конфигурации DRT20.
[2025-10-25T14:31:14.147Z] Конфигурация DRT20 завершена.
[2025-10-25T14:31:14.147Z] Проверка конфигурации WRC23.
[2025-10-25T14:31:14.147Z] Конфигурация WRC23 завершена.
[2025-10-25T14:31:14.147Z] Проверка конфигурации ACR.
[2025-10-25T14:31:14.148Z] Конфигурация ACR завершена.
[2025-10-25T14:37:49.801Z] Получен путь директории "Documents" из реестра Windows: "C:\Users\evgen\OneDrive\Документы".
[2025-10-25T14:37:50.116Z] Проверка версии приложения.
[2025-10-25T14:37:50.177Z] Текущая версия приложения совпадает с актуальной.
[2025-10-25T14:37:50.366Z] Проверка конфигурации DRT20.
[2025-10-25T14:37:50.367Z] Конфигурация DRT20 завершена.
[2025-10-25T14:37:50.367Z] Проверка конфигурации WRC23.
[2025-10-25T14:37:50.368Z] Конфигурация WRC23 завершена.
[2025-10-25T14:37:50.368Z] Проверка конфигурации ACR.
[2025-10-25T14:37:50.368Z] Конфигурация ACR завершена.
[2025-10-25T14:38:32.687Z] Получен путь директории "Documents" из реестра Windows: "C:\Users\evgen\OneDrive\Документы".
[2025-10-25T14:38:32.987Z] Проверка версии приложения.
[2025-10-25T14:38:33.046Z] Текущая версия приложения совпадает с актуальной.
[2025-10-25T14:38:33.212Z] Проверка конфигурации DRT20.
[2025-10-25T14:38:33.213Z] Конфигурация DRT20 завершена.
[2025-10-25T14:38:33.213Z] Проверка конфигурации WRC23.
[2025-10-25T14:38:33.214Z] Конфигурация WRC23 завершена.
[2025-10-25T14:38:33.214Z] Проверка конфигурации ACR.
[2025-10-25T14:38:33.214Z] Конфигурация ACR завершена.
[2025-10-25T14:39:49.382Z] Получен путь директории "Documents" из реестра Windows: "C:\Users\evgen\OneDrive\Документы".
[2025-10-25T14:39:49.675Z] Проверка версии приложения.
[2025-10-25T14:39:49.731Z] Текущая версия приложения совпадает с актуальной.
[2025-10-25T14:39:49.878Z] Проверка конфигурации DRT20.
[2025-10-25T14:39:49.878Z] Конфигурация DRT20 завершена.
[2025-10-25T14:39:49.879Z] Проверка конфигурации WRC23.
[2025-10-25T14:39:49.879Z] Конфигурация WRC23 завершена.
[2025-10-25T14:39:49.880Z] Проверка конфигурации ACR.
[2025-10-25T14:39:49.880Z] Конфигурация ACR завершена.
[2025-10-25T14:40:16.456Z] Получен путь директории "Documents" из реестра Windows: "C:\Users\evgen\OneDrive\Документы".
[2025-10-25T14:40:16.764Z] Проверка версии приложения.
[2025-10-25T14:40:16.823Z] Текущая версия приложения совпадает с актуальной.
[2025-10-25T14:40:16.981Z] Проверка конфигурации DRT20.
[2025-10-25T14:40:16.982Z] Конфигурация DRT20 завершена.
[2025-10-25T14:40:16.982Z] Проверка конфигурации WRC23.
[2025-10-25T14:40:16.983Z] Конфигурация WRC23 завершена.
[2025-10-25T14:40:16.983Z] Проверка конфигурации ACR.
[2025-10-25T14:40:16.983Z] Конфигурация ACR завершена.
[2025-10-25T14:40:39.588Z] Получен путь директории "Documents" из реестра Windows: "C:\Users\evgen\OneDrive\Документы".
[2025-10-25T14:40:39.883Z] Проверка версии приложения.
[2025-10-25T14:40:39.942Z] Текущая версия приложения совпадает с актуальной.
[2025-10-25T14:40:40.107Z] Проверка конфигурации DRT20.
[2025-10-25T14:40:40.108Z] Конфигурация DRT20 завершена.
[2025-10-25T14:40:40.108Z] Проверка конфигурации WRC23.
[2025-10-25T14:40:40.108Z] Конфигурация WRC23 завершена.
[2025-10-25T14:40:40.109Z] Проверка конфигурации ACR.
[2025-10-25T14:40:40.109Z] Конфигурация ACR завершена.
[2025-10-25T14:41:19.355Z] Получен путь директории "Documents" из реестра Windows: "C:\Users\evgen\OneDrive\Документы".
[2025-10-25T14:41:19.660Z] Проверка версии приложения.
[2025-10-25T14:41:19.716Z] Текущая версия приложения совпадает с актуальной.
[2025-10-25T14:41:19.868Z] Проверка конфигурации DRT20.
[2025-10-25T14:41:19.869Z] Конфигурация DRT20 завершена.
[2025-10-25T14:41:19.869Z] Проверка конфигурации WRC23.
[2025-10-25T14:41:19.869Z] Конфигурация WRC23 завершена.
[2025-10-25T14:41:19.870Z] Проверка конфигурации ACR.
[2025-10-25T14:41:19.870Z] Конфигурация ACR завершена.
[2025-10-25T14:41:54.071Z] Получен путь директории "Documents" из реестра Windows: "C:\Users\evgen\OneDrive\Документы".
[2025-10-25T14:41:54.378Z] Проверка версии приложения.
[2025-10-25T14:41:54.442Z] Текущая версия приложения совпадает с актуальной.
[2025-10-25T14:41:54.627Z] Проверка конфигурации DRT20.
[2025-10-25T14:41:54.628Z] Конфигурация DRT20 завершена.
[2025-10-25T14:41:54.628Z] Проверка конфигурации WRC23.
[2025-10-25T14:41:54.628Z] Конфигурация WRC23 завершена.
[2025-10-25T14:41:54.629Z] Проверка конфигурации ACR.
[2025-10-25T14:41:54.629Z] Конфигурация ACR завершена.
[2025-10-25T14:43:26.769Z] Получен путь директории "Documents" из реестра Windows: "C:\Users\evgen\OneDrive\Документы".
[2025-10-25T14:43:27.076Z] Проверка версии приложения.
[2025-10-25T14:43:27.133Z] Текущая версия приложения совпадает с актуальной.
[2025-10-25T14:43:27.289Z] Проверка конфигурации DRT20.
[2025-10-25T14:43:27.290Z] Конфигурация DRT20 завершена.
[2025-10-25T14:43:27.290Z] Проверка конфигурации WRC23.
[2025-10-25T14:43:27.291Z] Конфигурация WRC23 завершена.
[2025-10-25T14:43:27.291Z] Проверка конфигурации ACR.
[2025-10-25T14:43:27.291Z] Конфигурация ACR завершена.
[2025-10-25T14:44:54.570Z] Получен путь директории "Documents" из реестра Windows: "C:\Users\evgen\OneDrive\Документы".
[2025-10-25T14:44:54.889Z] Проверка версии приложения.
[2025-10-25T14:44:54.944Z] Текущая версия приложения совпадает с актуальной.
[2025-10-25T14:44:55.109Z] Проверка конфигурации DRT20.
[2025-10-25T14:44:55.110Z] Конфигурация DRT20 завершена.
[2025-10-25T14:44:55.110Z] Проверка конфигурации WRC23.
[2025-10-25T14:44:55.110Z] Конфигурация WRC23 завершена.
[2025-10-25T14:44:55.110Z] Проверка конфигурации ACR.
[2025-10-25T14:44:55.111Z] Конфигурация ACR завершена.
[2025-10-25T14:45:44.737Z] Получен путь директории "Documents" из реестра Windows: "C:\Users\evgen\OneDrive\Документы".
[2025-10-25T14:45:45.034Z] Проверка версии приложения.
[2025-10-25T14:45:45.098Z] Текущая версия приложения совпадает с актуальной.
[2025-10-25T14:45:45.258Z] Проверка конфигурации DRT20.
[2025-10-25T14:45:45.259Z] Конфигурация DRT20 завершена.
[2025-10-25T14:45:45.259Z] Проверка конфигурации WRC23.
[2025-10-25T14:45:45.259Z] Конфигурация WRC23 завершена.
[2025-10-25T14:45:45.260Z] Проверка конфигурации ACR.
[2025-10-25T14:45:45.260Z] Конфигурация ACR завершена.
[2025-10-25T14:46:39.641Z] Получен путь директории "Documents" из реестра Windows: "C:\Users\evgen\OneDrive\Документы".
[2025-10-25T14:46:39.957Z] Проверка версии приложения.
[2025-10-25T14:46:40.012Z] Текущая версия приложения совпадает с актуальной.
[2025-10-25T14:46:40.186Z] Проверка конфигурации DRT20.
[2025-10-25T14:46:40.186Z] Конфигурация DRT20 завершена.
[2025-10-25T14:46:40.186Z] Проверка конфигурации WRC23.
[2025-10-25T14:46:40.187Z] Конфигурация WRC23 завершена.
[2025-10-25T14:46:40.187Z] Проверка конфигурации ACR.
[2025-10-25T14:46:40.187Z] Конфигурация ACR завершена.
[2025-10-25T14:47:15.568Z] Получен путь директории "Documents" из реестра Windows: "C:\Users\evgen\OneDrive\Документы".
[2025-10-25T14:47:15.892Z] Проверка версии приложения.
[2025-10-25T14:47:15.952Z] Текущая версия приложения совпадает с актуальной.
[2025-10-25T14:47:16.116Z] Проверка конфигурации DRT20.
[2025-10-25T14:47:16.117Z] Конфигурация DRT20 завершена.
[2025-10-25T14:47:16.117Z] Проверка конфигурации WRC23.
[2025-10-25T14:47:16.118Z] Конфигурация WRC23 завершена.
[2025-10-25T14:47:16.118Z] Проверка конфигурации ACR.
[2025-10-25T14:47:16.118Z] Конфигурация ACR завершена.
[2025-10-25T14:49:16.337Z] Получен путь директории "Documents" из реестра Windows: "C:\Users\evgen\OneDrive\Документы".
[2025-10-25T14:49:16.652Z] Проверка версии приложения.
[2025-10-25T14:49:16.715Z] Текущая версия приложения совпадает с актуальной.
[2025-10-25T14:49:16.896Z] Проверка конфигурации DRT20.
[2025-10-25T14:49:16.896Z] Конфигурация DRT20 завершена.
[2025-10-25T14:49:16.897Z] Проверка конфигурации WRC23.
[2025-10-25T14:49:16.897Z] Конфигурация WRC23 завершена.
[2025-10-25T14:49:16.897Z] Проверка конфигурации ACR.
[2025-10-25T14:49:16.898Z] Конфигурация ACR завершена.
[2025-10-25T14:55:26.395Z] Получен путь директории "Documents" из реестра Windows: "C:\Users\evgen\OneDrive\Документы".
[2025-10-25T14:55:26.704Z] Проверка версии приложения.
[2025-10-25T14:55:26.766Z] Текущая версия приложения совпадает с актуальной.
[2025-10-25T14:55:26.964Z] Проверка конфигурации DRT20.
[2025-10-25T14:55:26.964Z] Конфигурация DRT20 завершена.
[2025-10-25T14:55:26.964Z] Проверка конфигурации WRC23.
[2025-10-25T14:55:26.965Z] Конфигурация WRC23 завершена.
[2025-10-25T14:55:26.965Z] Проверка конфигурации ACR.
[2025-10-25T14:55:26.965Z] Конфигурация ACR завершена.
[2025-10-25T14:59:21.198Z] Получен путь директории "Documents" из реестра Windows: "C:\Users\evgen\OneDrive\Документы".
[2025-10-25T14:59:21.506Z] Проверка версии приложения.
[2025-10-25T14:59:21.567Z] Текущая версия приложения совпадает с актуальной.
[2025-10-25T14:59:21.718Z] Проверка конфигурации DRT20.
[2025-10-25T14:59:21.719Z] Конфигурация DRT20 завершена.
[2025-10-25T14:59:21.719Z] Проверка конфигурации WRC23.
[2025-10-25T14:59:21.720Z] Конфигурация WRC23 завершена.
[2025-10-25T14:59:21.720Z] Проверка конфигурации ACR.
[2025-10-25T14:59:21.720Z] Конфигурация ACR завершена.
[2025-10-25T15:07:08.782Z] Получен путь директории "Documents" из реестра Windows: "C:\Users\evgen\OneDrive\Документы".
[2025-10-25T15:07:09.081Z] Проверка версии приложения.
[2025-10-25T15:07:09.140Z] Текущая версия приложения совпадает с актуальной.
[2025-10-25T15:07:09.302Z] Проверка конфигурации DRT20.
[2025-10-25T15:07:09.303Z] Конфигурация DRT20 завершена.
[2025-10-25T15:07:09.303Z] Проверка конфигурации WRC23.
[2025-10-25T15:07:09.304Z] Версия структурного файла телеметрии WRC23 не совпадает с актуальной.
[2025-10-25T15:07:09.304Z] Запись структурного файла телеметрии WRC23.
[2025-10-25T15:07:09.305Z] Конфигурация WRC23 завершена.
[2025-10-25T15:07:09.305Z] Проверка конфигурации ACR.
[2025-10-25T15:07:09.305Z] Конфигурация ACR завершена.
[2025-10-25T15:08:40.713Z] Получен путь директории "Documents" из реестра Windows: "C:\Users\evgen\OneDrive\Документы".
[2025-10-25T15:08:41.018Z] Проверка версии приложения.
[2025-10-25T15:08:41.083Z] Текущая версия приложения совпадает с актуальной.
[2025-10-25T15:08:41.241Z] Проверка конфигурации DRT20.
[2025-10-25T15:08:41.241Z] Конфигурация DRT20 завершена.
[2025-10-25T15:08:41.242Z] Проверка конфигурации WRC23.
[2025-10-25T15:08:41.242Z] Конфигурация WRC23 завершена.
[2025-10-25T15:08:41.243Z] Проверка конфигурации ACR.
[2025-10-25T15:08:41.243Z] Конфигурация ACR завершена.
[2025-10-25T15:08:55.574Z] Получен путь директории "Documents" из реестра Windows: "C:\Users\evgen\OneDrive\Документы".
[2025-10-25T15:08:55.889Z] Проверка версии приложения.
[2025-10-25T15:08:55.948Z] Текущая версия приложения совпадает с актуальной.
[2025-10-25T15:08:56.113Z] Проверка конфигурации DRT20.
[2025-10-25T15:08:56.113Z] Конфигурация DRT20 завершена.
[2025-10-25T15:08:56.114Z] Проверка конфигурации WRC23.
[2025-10-25T15:08:56.115Z] Конфигурация WRC23 завершена.
[2025-10-25T15:08:56.115Z] Проверка конфигурации ACR.
[2025-10-25T15:08:56.115Z] Конфигурация ACR завершена.
[2025-10-25T15:14:56.345Z] Получен путь директории "Documents" из реестра Windows: "C:\Users\evgen\OneDrive\Документы".
[2025-10-25T15:14:56.683Z] Проверка версии приложения.
[2025-10-25T15:14:56.735Z] Текущая версия приложения совпадает с актуальной.
[2025-10-25T15:14:56.914Z] Проверка конфигурации DRT20.
[2025-10-25T15:14:56.914Z] Конфигурация DRT20 завершена.
[2025-10-25T15:14:56.915Z] Проверка конфигурации WRC23.
[2025-10-25T15:14:56.915Z] Конфигурация WRC23 завершена.
[2025-10-25T15:14:56.915Z] Проверка конфигурации ACR.
[2025-10-25T15:14:56.915Z] Конфигурация ACR завершена.
[2025-10-25T15:15:26.770Z] Получен путь директории "Documents" из реестра Windows: "C:\Users\evgen\OneDrive\Документы".
[2025-10-25T15:15:40.368Z] Получен путь директории "Documents" из реестра Windows: "C:\Users\evgen\OneDrive\Документы".
[2025-10-25T15:15:40.691Z] Проверка версии приложения.
[2025-10-25T15:15:40.748Z] Текущая версия приложения совпадает с актуальной.
[2025-10-25T15:15:40.913Z] Проверка конфигурации DRT20.
[2025-10-25T15:15:40.913Z] Конфигурация DRT20 завершена.
[2025-10-25T15:15:40.913Z] Проверка конфигурации WRC23.
[2025-10-25T15:15:40.914Z] Конфигурация WRC23 завершена.
[2025-10-25T15:15:40.914Z] Проверка конфигурации ACR.
[2025-10-25T15:15:40.914Z] Конфигурация ACR завершена.
[2025-10-25T15:16:44.055Z] Получен путь директории "Documents" из реестра Windows: "C:\Users\evgen\OneDrive\Документы".
[2025-10-25T15:16:44.380Z] Проверка версии приложения.
[2025-10-25T15:16:44.444Z] Текущая версия приложения совпадает с актуальной.
[2025-10-25T15:16:44.596Z] Проверка конфигурации DRT20.
[2025-10-25T15:16:44.597Z] Конфигурация DRT20 завершена.
[2025-10-25T15:16:44.597Z] Проверка конфигурации WRC23.
[2025-10-25T15:16:44.597Z] Конфигурация WRC23 завершена.
[2025-10-25T15:16:44.597Z] Проверка конфигурации ACR.
[2025-10-25T15:16:44.598Z] Конфигурация ACR завершена.
[2025-10-25T15:17:15.705Z] Получен путь директории "Documents" из реестра Windows: "C:\Users\evgen\OneDrive\Документы".
[2025-10-25T15:17:28.181Z] Получен путь директории "Documents" из реестра Windows: "C:\Users\evgen\OneDrive\Документы".
[2025-10-25T15:17:28.497Z] Проверка версии приложения.
[2025-10-25T15:17:28.558Z] Текущая версия приложения совпадает с актуальной.
[2025-10-25T15:17:28.720Z] Проверка конфигурации DRT20.
[2025-10-25T15:17:28.721Z] Конфигурация DRT20 завершена.
[2025-10-25T15:17:28.721Z] Проверка конфигурации WRC23.
[2025-10-25T15:17:28.722Z] Конфигурация WRC23 завершена.
[2025-10-25T15:17:28.722Z] Проверка конфигурации ACR.
[2025-10-25T15:17:28.722Z] Конфигурация ACR завершена.
[2025-10-25T15:17:50.535Z] Получен путь директории "Documents" из реестра Windows: "C:\Users\evgen\OneDrive\Документы".
[2025-10-25T15:17:50.850Z] Проверка версии приложения.
[2025-10-25T15:17:50.907Z] Текущая версия приложения совпадает с актуальной.
[2025-10-25T15:17:51.068Z] Проверка конфигурации DRT20.
[2025-10-25T15:17:51.068Z] Конфигурация DRT20 завершена.
[2025-10-25T15:17:51.069Z] Проверка конфигурации WRC23.
[2025-10-25T15:17:51.069Z] Конфигурация WRC23 завершена.
[2025-10-25T15:17:51.069Z] Проверка конфигурации ACR.
[2025-10-25T15:17:51.069Z] Конфигурация ACR завершена.
[2025-10-25T15:18:18.262Z] Получен путь директории "Documents" из реестра Windows: "C:\Users\evgen\OneDrive\Документы".
[2025-10-25T15:18:18.588Z] Проверка версии приложения.
[2025-10-25T15:18:18.643Z] Текущая версия приложения совпадает с актуальной.
[2025-10-25T15:18:18.807Z] Проверка конфигурации DRT20.
[2025-10-25T15:18:18.807Z] Конфигурация DRT20 завершена.
[2025-10-25T15:18:18.808Z] Проверка конфигурации WRC23.
[2025-10-25T15:18:18.808Z] Конфигурация WRC23 завершена.
[2025-10-25T15:18:18.808Z] Проверка конфигурации ACR.
[2025-10-25T15:18:18.809Z] Конфигурация ACR завершена.
[2025-10-25T15:19:59.398Z] Получен путь директории "Documents" из реестра Windows: "C:\Users\evgen\OneDrive\Документы".
[2025-10-25T15:19:59.730Z] Проверка версии приложения.
[2025-10-25T15:20:07.359Z] Получен путь директории "Documents" из реестра Windows: "C:\Users\evgen\OneDrive\Документы".
[2025-10-25T15:20:07.688Z] Проверка версии приложения.
[2025-10-25T15:20:14.817Z] Получен путь директории "Documents" из реестра Windows: "C:\Users\evgen\OneDrive\Документы".
[2025-10-25T15:20:15.146Z] Проверка версии приложения.
[2025-10-25T15:20:15.201Z] Текущая версия приложения совпадает с актуальной.
[2025-10-25T15:20:15.359Z] Проверка конфигурации DRT20.
[2025-10-25T15:20:15.360Z] Конфигурация DRT20 завершена.
[2025-10-25T15:20:15.360Z] Проверка конфигурации WRC23.
[2025-10-25T15:20:15.361Z] Конфигурация WRC23 завершена.
[2025-10-25T15:20:15.361Z] Проверка конфигурации ACR.
[2025-10-25T15:20:15.361Z] Конфигурация ACR завершена.
[2025-10-25T15:20:36.461Z] Получен путь директории "Documents" из реестра Windows: "C:\Users\evgen\OneDrive\Документы".
[2025-10-25T15:20:36.809Z] Проверка версии приложения.
[2025-10-25T15:20:36.863Z] Текущая версия приложения совпадает с актуальной.
[2025-10-25T15:20:50.195Z] Получен путь директории "Documents" из реестра Windows: "C:\Users\evgen\OneDrive\Документы".
[2025-10-25T15:20:50.528Z] Проверка версии приложения.
[2025-10-25T15:20:50.585Z] Текущая версия приложения совпадает с актуальной.
[2025-10-25T15:23:23.161Z] Получен путь директории "Documents" из реестра Windows: "C:\Users\evgen\OneDrive\Документы".
[2025-10-25T15:23:23.497Z] Проверка версии приложения.
[2025-10-25T15:23:23.556Z] Текущая версия приложения совпадает с актуальной.
[2025-10-25T15:23:45.598Z] Получен путь директории "Documents" из реестра Windows: "C:\Users\evgen\OneDrive\Документы".
[2025-10-25T15:23:45.932Z] Проверка версии приложения.
[2025-10-25T15:23:45.986Z] Текущая версия приложения совпадает с актуальной.
[2025-10-25T15:23:53.094Z] Получен путь директории "Documents" из реестра Windows: "C:\Users\evgen\OneDrive\Документы".
[2025-10-25T15:23:53.430Z] Проверка версии приложения.
[2025-10-25T15:23:53.483Z] Текущая версия приложения совпадает с актуальной.
[2025-10-25T15:24:08.902Z] Получен путь директории "Documents" из реестра Windows: "C:\Users\evgen\OneDrive\Документы".
[2025-10-25T15:24:09.239Z] Проверка версии приложения.
[2025-10-25T15:24:09.295Z] Текущая версия приложения совпадает с актуальной.
[2025-10-25T15:24:29.673Z] Получен путь директории "Documents" из реестра Windows: "C:\Users\evgen\OneDrive\Документы".
[2025-10-25T15:24:29.995Z] Проверка версии приложения.
[2025-10-25T15:24:30.051Z] Текущая версия приложения совпадает с актуальной.
[2025-10-25T15:25:57.631Z] Получен путь директории "Documents" из реестра Windows: "C:\Users\evgen\OneDrive\Документы".
[2025-10-25T15:25:57.733Z] Проверка версии приложения.
[2025-10-25T15:25:57.803Z] Текущая версия приложения совпадает с актуальной.
[2025-10-25T15:27:29.248Z] Получен путь директории "Documents" из реестра Windows: "C:\Users\evgen\OneDrive\Документы".
[2025-10-25T15:27:29.369Z] Проверка версии приложения.
[2025-10-25T15:27:29.446Z] Текущая версия приложения совпадает с актуальной.
[2025-10-25T15:27:29.635Z] Проверка конфигурации DRT20.
[2025-10-25T15:27:29.635Z] Конфигурация DRT20 завершена.
[2025-10-25T15:27:29.635Z] Проверка конфигурации WRC23.
[2025-10-25T15:27:29.636Z] Конфигурация WRC23 завершена.
[2025-10-25T15:27:29.636Z] Проверка конфигурации ACR.
[2025-10-25T15:27:29.636Z] Конфигурация ACR завершена.
[2025-10-25T15:27:40.212Z] Получен путь директории "Documents" из реестра Windows: "C:\Users\evgen\OneDrive\Документы".
[2025-10-25T15:27:40.317Z] Проверка версии приложения.
[2025-10-25T15:27:40.391Z] Текущая версия приложения совпадает с актуальной.
[2025-10-25T15:27:40.585Z] Проверка конфигурации DRT20.
[2025-10-25T15:27:40.586Z] Конфигурация DRT20 завершена.
[2025-10-25T15:27:40.586Z] Проверка конфигурации WRC23.
[2025-10-25T15:27:40.586Z] Конфигурация WRC23 завершена.
[2025-10-25T15:27:40.587Z] Проверка конфигурации ACR.
[2025-10-25T15:27:40.587Z] Конфигурация ACR завершена.
[2025-10-25T15:28:29.393Z] Получен путь директории "Documents" из реестра Windows: "C:\Users\evgen\OneDrive\Документы".
[2025-10-25T15:28:29.491Z] Проверка версии приложения.
[2025-10-25T15:28:29.557Z] Текущая версия приложения совпадает с актуальной.
[2025-10-25T15:28:29.736Z] Проверка конфигурации DRT20.
[2025-10-25T15:28:29.736Z] Конфигурация DRT20 завершена.
[2025-10-25T15:28:29.737Z] Проверка конфигурации WRC23.
[2025-10-25T15:28:29.737Z] Конфигурация WRC23 завершена.
[2025-10-25T15:28:29.737Z] Проверка конфигурации ACR.
[2025-10-25T15:28:29.738Z] Конфигурация ACR завершена.
[2025-10-25T15:29:21.635Z] Получен путь директории "Documents" из реестра Windows: "C:\Users\evgen\OneDrive\Документы".
[2025-10-25T15:29:21.739Z] Проверка версии приложения.
[2025-10-25T15:29:21.811Z] Текущая версия приложения совпадает с актуальной.
[2025-10-25T15:29:24.576Z] Проверка конфигурации DRT20.
[2025-10-25T15:29:24.577Z] Конфигурация DRT20 завершена.
[2025-10-25T15:29:24.577Z] Проверка конфигурации WRC23.
[2025-10-25T15:29:24.578Z] Конфигурация WRC23 завершена.
[2025-10-25T15:29:24.578Z] Проверка конфигурации ACR.
[2025-10-25T15:29:24.578Z] Конфигурация ACR завершена.
[2025-10-25T15:39:58.241Z] Получен путь директории "Documents" из реестра Windows: "C:\Users\evgen\OneDrive\Документы".
[2025-10-25T15:39:58.342Z] Проверка версии приложения.
[2025-10-25T15:39:58.413Z] Текущая версия приложения совпадает с актуальной.
[2025-10-25T15:39:58.583Z] Проверка конфигурации DRT20.
[2025-10-25T15:39:58.583Z] Конфигурация DRT20 завершена.
[2025-10-25T15:39:58.583Z] Проверка конфигурации WRC23.
[2025-10-25T15:39:58.584Z] Конфигурация WRC23 завершена.
[2025-10-25T15:39:58.584Z] Проверка конфигурации ACR.
[2025-10-25T15:39:58.584Z] Конфигурация ACR завершена.
[2025-10-25T15:40:13.445Z] Получен путь директории "Documents" из реестра Windows: "C:\Users\evgen\OneDrive\Документы".
[2025-10-25T15:40:13.549Z] Проверка версии приложения.
[2025-10-25T15:40:13.625Z] Текущая версия приложения совпадает с актуальной.
[2025-10-25T15:40:13.784Z] Проверка конфигурации DRT20.
[2025-10-25T15:40:13.785Z] Конфигурация DRT20 завершена.
[2025-10-25T15:40:13.785Z] Проверка конфигурации WRC23.
[2025-10-25T15:40:13.785Z] Конфигурация WRC23 завершена.
[2025-10-25T15:40:13.786Z] Проверка конфигурации ACR.
[2025-10-25T15:40:13.786Z] Конфигурация ACR завершена.
[2025-10-25T15:52:37.817Z] Получен путь директории "Documents" из реестра Windows: "C:\Users\evgen\OneDrive\Документы".
[2025-10-25T15:52:48.485Z] Проверка версии приложения.
[2025-10-25T15:52:48.563Z] Текущая версия приложения совпадает с актуальной.
[2025-10-25T15:52:48.728Z] Проверка конфигурации DRT20.
[2025-10-25T15:52:48.728Z] Конфигурация DRT20 завершена.
[2025-10-25T15:52:48.728Z] Проверка конфигурации WRC23.
[2025-10-25T15:52:48.729Z] Конфигурация WRC23 завершена.
[2025-10-25T15:52:48.729Z] Проверка конфигурации ACR.
[2025-10-25T15:52:48.729Z] Конфигурация ACR завершена.
[2025-10-25T15:53:04.109Z] Получен путь директории "Documents" из реестра Windows: "C:\Users\evgen\OneDrive\Документы".
[2025-10-25T15:53:04.206Z] Проверка версии приложения.
[2025-10-25T15:53:04.277Z] Текущая версия приложения совпадает с актуальной.
[2025-10-25T15:53:04.437Z] Проверка конфигурации DRT20.
[2025-10-25T15:53:04.438Z] Конфигурация DRT20 завершена.
[2025-10-25T15:53:04.438Z] Проверка конфигурации WRC23.
[2025-10-25T15:53:04.439Z] Конфигурация WRC23 завершена.
[2025-10-25T15:53:04.439Z] Проверка конфигурации ACR.
[2025-10-25T15:53:04.439Z] Конфигурация ACR завершена.
[2025-10-25T15:57:10.228Z] Получен путь директории "Documents" из реестра Windows: "C:\Users\evgen\OneDrive\Документы".
[2025-10-25T15:57:10.341Z] Проверка версии приложения.
[2025-10-25T15:57:10.421Z] Текущая версия приложения совпадает с актуальной.
[2025-10-25T15:57:10.598Z] Проверка конфигурации DRT20.
[2025-10-25T15:57:10.598Z] Конфигурация DRT20 завершена.
[2025-10-25T15:57:10.599Z] Проверка конфигурации WRC23.
[2025-10-25T15:57:10.599Z] Конфигурация WRC23 завершена.
[2025-10-25T15:57:10.599Z] Проверка конфигурации ACR.
[2025-10-25T15:57:10.599Z] Конфигурация ACR завершена.
[2025-10-25T15:58:41.803Z] Получен путь директории "Documents" из реестра Windows: "C:\Users\evgen\OneDrive\Документы".
[2025-10-25T15:58:41.914Z] Проверка версии приложения.
[2025-10-25T15:58:41.979Z] Текущая версия приложения совпадает с актуальной.
[2025-10-25T15:58:42.993Z] Проверка конфигурации DRT20.
[2025-10-25T15:58:42.994Z] Конфигурация DRT20 завершена.
[2025-10-25T15:58:42.994Z] Проверка конфигурации WRC23.
[2025-10-25T15:58:42.995Z] Конфигурация WRC23 завершена.
[2025-10-25T15:58:42.995Z] Проверка конфигурации ACR.
[2025-10-25T15:58:42.995Z] Конфигурация ACR завершена.
[2025-10-25T16:00:56.991Z] Получен путь директории "Documents" из реестра Windows: "C:\Users\evgen\OneDrive\Документы".
[2025-10-25T16:00:57.094Z] Проверка версии приложения.
[2025-10-25T16:00:57.166Z] Текущая версия приложения совпадает с актуальной.
[2025-10-25T16:00:57.343Z] Проверка конфигурации DRT20.
[2025-10-25T16:00:57.344Z] Конфигурация DRT20 завершена.
[2025-10-25T16:00:57.344Z] Проверка конфигурации WRC23.
[2025-10-25T16:00:57.345Z] Конфигурация WRC23 завершена.
[2025-10-25T16:00:57.345Z] Проверка конфигурации ACR.
[2025-10-25T16:00:57.345Z] Конфигурация ACR завершена.
[2025-10-26T11:23:57.001Z] Получен путь директории "Documents" из реестра Windows: "C:\Users\evgen\OneDrive\Документы".
[2025-10-26T11:23:57.134Z] Проверка версии приложения.
[2025-10-26T11:23:57.190Z] Текущая версия приложения совпадает с актуальной.
[2025-10-26T11:24:59.963Z] Получен путь директории "Documents" из реестра Windows: "C:\Users\evgen\OneDrive\Документы".
[2025-10-26T11:25:00.057Z] Проверка версии приложения.
[2025-10-26T11:25:00.125Z] Текущая версия приложения совпадает с актуальной.
[2025-10-26T11:25:03.598Z] Проверка конфигурации DRT20.
[2025-10-26T11:25:03.598Z] Конфигурация DRT20 завершена.
[2025-10-26T11:25:03.599Z] Проверка конфигурации WRC23.
[2025-10-26T11:25:03.599Z] Версия структурного файла телеметрии WRC23 не совпадает с актуальной.
[2025-10-26T11:25:03.599Z] Запись структурного файла телеметрии WRC23.
[2025-10-26T11:25:03.600Z] Конфигурация WRC23 завершена.
[2025-10-26T11:25:03.600Z] Проверка конфигурации ACR.
[2025-10-26T11:25:03.600Z] Конфигурация ACR завершена.
[2025-10-26T11:26:06.138Z] Получен путь директории "Documents" из реестра Windows: "C:\Users\evgen\OneDrive\Документы".
[2025-10-26T11:26:06.231Z] Проверка версии приложения.
[2025-10-26T11:26:06.305Z] Текущая версия приложения совпадает с актуальной.
[2025-10-26T11:26:09.023Z] Проверка конфигурации DRT20.
[2025-10-26T11:26:09.023Z] Конфигурация DRT20 завершена.
[2025-10-26T11:26:09.023Z] Проверка конфигурации WRC23.
[2025-10-26T11:26:09.024Z] Конфигурация WRC23 завершена.
[2025-10-26T11:26:09.024Z] Проверка конфигурации ACR.
[2025-10-26T11:26:09.024Z] Конфигурация ACR завершена.
[2025-10-26T11:28:24.131Z] Получен путь директории "Documents" из реестра Windows: "C:\Users\evgen\OneDrive\Документы".
[2025-10-26T11:28:24.227Z] Проверка версии приложения.
[2025-10-26T11:28:24.300Z] Текущая версия приложения совпадает с актуальной.
[2025-10-26T11:28:24.471Z] Проверка конфигурации DRT20.
[2025-10-26T11:28:24.472Z] Конфигурация DRT20 завершена.
[2025-10-26T11:28:24.472Z] Проверка конфигурации WRC23.
[2025-10-26T11:28:24.473Z] Конфигурация WRC23 завершена.
[2025-10-26T11:28:24.473Z] Проверка конфигурации ACR.
[2025-10-26T11:28:24.473Z] Конфигурация ACR завершена.
[2025-10-26T11:28:46.550Z] Получен путь директории "Documents" из реестра Windows: "C:\Users\evgen\OneDrive\Документы".
[2025-10-26T11:28:46.642Z] Проверка версии приложения.
[2025-10-26T11:28:46.711Z] Текущая версия приложения совпадает с актуальной.
[2025-10-26T11:28:46.872Z] Проверка конфигурации DRT20.
[2025-10-26T11:28:46.872Z] Конфигурация DRT20 завершена.
[2025-10-26T11:28:46.873Z] Проверка конфигурации WRC23.
[2025-10-26T11:28:46.873Z] Конфигурация WRC23 завершена.
[2025-10-26T11:28:46.873Z] Проверка конфигурации ACR.
[2025-10-26T11:28:46.873Z] Конфигурация ACR завершена.
[2025-10-26T11:29:05.854Z] Получен путь директории "Documents" из реестра Windows: "C:\Users\evgen\OneDrive\Документы".
[2025-10-26T11:29:05.942Z] Проверка версии приложения.
[2025-10-26T11:29:06.011Z] Текущая версия приложения совпадает с актуальной.
[2025-10-26T11:29:09.577Z] Проверка конфигурации DRT20.
[2025-10-26T11:29:09.578Z] Конфигурация DRT20 завершена.
[2025-10-26T11:29:09.578Z] Проверка конфигурации WRC23.
[2025-10-26T11:29:09.578Z] Конфигурация WRC23 завершена.
[2025-10-26T11:29:09.579Z] Проверка конфигурации ACR.
[2025-10-26T11:29:09.579Z] Конфигурация ACR завершена.
[2025-10-26T11:29:35.665Z] Получен путь директории "Documents" из реестра Windows: "C:\Users\evgen\OneDrive\Документы".
[2025-10-26T11:29:35.751Z] Проверка версии приложения.
[2025-10-26T11:29:35.814Z] Текущая версия приложения совпадает с актуальной.
[2025-10-26T11:29:35.989Z] Проверка конфигурации DRT20.
[2025-10-26T11:29:35.989Z] Конфигурация DRT20 завершена.
[2025-10-26T11:29:35.989Z] Проверка конфигурации WRC23.
[2025-10-26T11:29:35.990Z] Конфигурация WRC23 завершена.
[2025-10-26T11:29:35.990Z] Проверка конфигурации ACR.
[2025-10-26T11:29:35.990Z] Конфигурация ACR завершена.
[2025-10-26T11:29:43.256Z] Получен путь директории "Documents" из реестра Windows: "C:\Users\evgen\OneDrive\Документы".
[2025-10-26T11:29:43.345Z] Проверка версии приложения.
[2025-10-26T11:29:43.415Z] Текущая версия приложения совпадает с актуальной.
[2025-10-26T11:29:47.711Z] Проверка конфигурации DRT20.
[2025-10-26T11:29:47.712Z] Конфигурация DRT20 завершена.
[2025-10-26T11:29:47.712Z] Проверка конфигурации WRC23.
[2025-10-26T11:29:47.712Z] Конфигурация WRC23 завершена.
[2025-10-26T11:29:47.713Z] Проверка конфигурации ACR.
[2025-10-26T11:29:47.713Z] Конфигурация ACR завершена.
[2025-10-26T11:30:10.794Z] Получен путь директории "Documents" из реестра Windows: "C:\Users\evgen\OneDrive\Документы".
[2025-10-26T11:30:11.093Z] Проверка версии приложения.
[2025-10-26T11:30:11.145Z] Текущая версия приложения совпадает с актуальной.
[2025-10-26T11:30:11.319Z] Проверка конфигурации DRT20.
[2025-10-26T11:30:11.319Z] Конфигурация DRT20 завершена.
[2025-10-26T11:30:11.319Z] Проверка конфигурации WRC23.
[2025-10-26T11:30:11.320Z] Конфигурация WRC23 завершена.
[2025-10-26T11:30:11.320Z] Проверка конфигурации ACR.
[2025-10-26T11:30:11.320Z] Конфигурация ACR завершена.
[2025-10-26T11:30:31.425Z] Получен путь директории "Documents" из реестра Windows: "C:\Users\evgen\OneDrive\Документы".
[2025-10-26T11:30:31.517Z] Проверка версии приложения.
[2025-10-26T11:30:31.592Z] Текущая версия приложения совпадает с актуальной.
[2025-10-26T11:30:34.933Z] Проверка конфигурации DRT20.
[2025-10-26T11:30:34.933Z] Конфигурация DRT20 завершена.
[2025-10-26T11:30:34.934Z] Проверка конфигурации WRC23.
[2025-10-26T11:30:34.934Z] Конфигурация WRC23 завершена.
[2025-10-26T11:30:34.934Z] Проверка конфигурации ACR.
[2025-10-26T11:30:34.934Z] Конфигурация ACR завершена.
[2025-10-26T11:30:40.337Z] Получен путь директории "Documents" из реестра Windows: "C:\Users\evgen\OneDrive\Документы".
[2025-10-26T11:30:40.428Z] Проверка версии приложения.
[2025-10-26T11:30:40.496Z] Текущая версия приложения совпадает с актуальной.
[2025-10-26T11:30:40.646Z] Проверка конфигурации DRT20.
[2025-10-26T11:30:40.647Z] Конфигурация DRT20 завершена.
[2025-10-26T11:30:40.647Z] Проверка конфигурации WRC23.
[2025-10-26T11:30:40.648Z] Конфигурация WRC23 завершена.
[2025-10-26T11:30:40.648Z] Проверка конфигурации ACR.
[2025-10-26T11:30:40.648Z] Конфигурация ACR завершена.
[2025-10-26T11:31:04.604Z] Получен путь директории "Documents" из реестра Windows: "C:\Users\evgen\OneDrive\Документы".
[2025-10-26T11:31:04.692Z] Проверка версии приложения.
[2025-10-26T11:31:04.764Z] Текущая версия приложения совпадает с актуальной.
[2025-10-26T11:31:04.928Z] Проверка конфигурации DRT20.
[2025-10-26T11:31:04.928Z] Конфигурация DRT20 завершена.
[2025-10-26T11:31:04.929Z] Проверка конфигурации WRC23.
[2025-10-26T11:31:04.929Z] Конфигурация WRC23 завершена.
[2025-10-26T11:31:04.929Z] Проверка конфигурации ACR.
[2025-10-26T11:31:04.930Z] Конфигурация ACR завершена.
[2025-10-26T11:31:19.855Z] Получен путь директории "Documents" из реестра Windows: "C:\Users\evgen\OneDrive\Документы".
[2025-10-26T11:31:19.946Z] Проверка версии приложения.
[2025-10-26T11:31:20.011Z] Текущая версия приложения совпадает с актуальной.
[2025-10-26T11:31:20.194Z] Проверка конфигурации DRT20.
[2025-10-26T11:31:20.194Z] Конфигурация DRT20 завершена.
[2025-10-26T11:31:20.194Z] Проверка конфигурации WRC23.
[2025-10-26T11:31:20.195Z] Конфигурация WRC23 завершена.
[2025-10-26T11:31:20.195Z] Проверка конфигурации ACR.
[2025-10-26T11:31:20.195Z] Конфигурация ACR завершена.
[2025-10-26T11:32:08.873Z] Получен путь директории "Documents" из реестра Windows: "C:\Users\evgen\OneDrive\Документы".
[2025-10-26T11:32:08.974Z] Проверка версии приложения.
[2025-10-26T11:32:09.041Z] Текущая версия приложения совпадает с актуальной.
[2025-10-26T11:32:09.208Z] Проверка конфигурации DRT20.
[2025-10-26T11:32:09.208Z] Конфигурация DRT20 завершена.
[2025-10-26T11:32:09.208Z] Проверка конфигурации WRC23.
[2025-10-26T11:32:09.209Z] Конфигурация WRC23 завершена.
[2025-10-26T11:32:09.209Z] Проверка конфигурации ACR.
[2025-10-26T11:32:09.209Z] Конфигурация ACR завершена.
[2025-10-26T11:32:19.898Z] Получен путь директории "Documents" из реестра Windows: "C:\Users\evgen\OneDrive\Документы".
[2025-10-26T11:32:20.006Z] Проверка версии приложения.
[2025-10-26T11:32:20.084Z] Текущая версия приложения совпадает с актуальной.
[2025-10-26T11:32:20.237Z] Проверка конфигурации DRT20.
[2025-10-26T11:32:20.238Z] Конфигурация DRT20 завершена.
[2025-10-26T11:32:20.238Z] Проверка конфигурации WRC23.
[2025-10-26T11:32:20.239Z] Конфигурация WRC23 завершена.
[2025-10-26T11:32:20.239Z] Проверка конфигурации ACR.
[2025-10-26T11:32:20.239Z] Конфигурация ACR завершена.
[2025-10-26T11:32:50.705Z] Получен путь директории "Documents" из реестра Windows: "C:\Users\evgen\OneDrive\Документы".
[2025-10-26T11:32:50.795Z] Проверка версии приложения.
[2025-10-26T11:32:50.868Z] Текущая версия приложения совпадает с актуальной.
[2025-10-26T11:32:51.055Z] Проверка конфигурации DRT20.
[2025-10-26T11:32:51.055Z] Конфигурация DRT20 завершена.
[2025-10-26T11:32:51.055Z] Проверка конфигурации WRC23.
[2025-10-26T11:32:51.056Z] Конфигурация WRC23 завершена.
[2025-10-26T11:32:51.056Z] Проверка конфигурации ACR.
[2025-10-26T11:32:51.056Z] Конфигурация ACR завершена.
[2025-10-26T11:33:23.892Z] Получен путь директории "Documents" из реестра Windows: "C:\Users\evgen\OneDrive\Документы".
[2025-10-26T11:33:23.981Z] Проверка версии приложения.
[2025-10-26T11:33:24.048Z] Текущая версия приложения совпадает с актуальной.
[2025-10-26T11:33:24.202Z] Проверка конфигурации DRT20.
[2025-10-26T11:33:24.202Z] Конфигурация DRT20 завершена.
[2025-10-26T11:33:24.203Z] Проверка конфигурации WRC23.
[2025-10-26T11:33:24.203Z] Конфигурация WRC23 завершена.
[2025-10-26T11:33:24.203Z] Проверка конфигурации ACR.
[2025-10-26T11:33:24.203Z] Конфигурация ACR завершена.
[2025-10-26T11:38:43.739Z] Получен путь директории "Documents" из реестра Windows: "C:\Users\evgen\OneDrive\Документы".
[2025-10-26T11:38:43.828Z] Проверка версии приложения.
[2025-10-26T11:38:43.913Z] Текущая версия приложения совпадает с актуальной.
[2025-10-26T11:38:58.986Z] Проверка конфигурации DRT20.
[2025-10-26T11:38:58.986Z] Конфигурация DRT20 завершена.
[2025-10-26T11:38:58.987Z] Проверка конфигурации WRC23.
[2025-10-26T11:38:58.987Z] Конфигурация WRC23 завершена.
[2025-10-26T11:38:58.987Z] Проверка конфигурации ACR.
[2025-10-26T11:38:58.987Z] Конфигурация ACR завершена.
[2025-10-26T11:45:24.951Z] Получен путь директории "Documents" из реестра Windows: "C:\Users\evgen\OneDrive\Документы".
[2025-10-26T11:45:25.013Z] Проверка версии приложения.
[2025-10-26T11:45:25.081Z] Текущая версия приложения совпадает с актуальной.
[2025-10-26T11:45:25.244Z] Проверка конфигурации DRT20.
[2025-10-26T11:45:25.245Z] Конфигурация DRT20 завершена.
[2025-10-26T11:45:25.245Z] Проверка конфигурации WRC23.
[2025-10-26T11:45:25.245Z] Конфигурация WRC23 завершена.
[2025-10-26T11:45:25.245Z] Проверка конфигурации ACR.
[2025-10-26T11:45:25.246Z] Конфигурация ACR завершена.
[2025-10-26T11:50:01.850Z] Получен путь директории "Documents" из реестра Windows: "C:\Users\evgen\OneDrive\Документы".
[2025-10-26T11:50:01.916Z] Проверка версии приложения.
[2025-10-26T11:50:01.989Z] Текущая версия приложения совпадает с актуальной.
[2025-10-26T11:50:02.149Z] Проверка конфигурации DRT20.
[2025-10-26T11:50:02.150Z] Конфигурация DRT20 завершена.
[2025-10-26T11:50:02.150Z] Проверка конфигурации WRC23.
[2025-10-26T11:50:02.151Z] Конфигурация WRC23 завершена.
[2025-10-26T11:50:02.151Z] Проверка конфигурации ACR.
[2025-10-26T11:50:02.151Z] Конфигурация ACR завершена.
[2025-10-26T11:50:13.718Z] Получен путь директории "Documents" из реестра Windows: "C:\Users\evgen\OneDrive\Документы".
[2025-10-26T11:50:13.781Z] Проверка версии приложения.
[2025-10-26T11:50:13.850Z] Текущая версия приложения совпадает с актуальной.
[2025-10-26T11:50:14.007Z] Проверка конфигурации DRT20.
[2025-10-26T11:50:14.007Z] Конфигурация DRT20 завершена.
[2025-10-26T11:50:14.007Z] Проверка конфигурации WRC23.
[2025-10-26T11:50:14.008Z] Конфигурация WRC23 завершена.
[2025-10-26T11:50:14.008Z] Проверка конфигурации ACR.
[2025-10-26T11:50:14.008Z] Конфигурация ACR завершена.
[2025-10-26T11:50:20.037Z] Получен путь директории "Documents" из реестра Windows: "C:\Users\evgen\OneDrive\Документы".
[2025-10-26T11:50:20.097Z] Проверка версии приложения.
[2025-10-26T11:50:20.162Z] Текущая версия приложения совпадает с актуальной.
[2025-10-26T11:50:24.073Z] Проверка конфигурации DRT20.
[2025-10-26T11:50:24.073Z] Конфигурация DRT20 завершена.
[2025-10-26T11:50:24.073Z] Проверка конфигурации WRC23.
[2025-10-26T11:50:24.074Z] Конфигурация WRC23 завершена.
[2025-10-26T11:50:24.074Z] Проверка конфигурации ACR.
[2025-10-26T11:50:24.074Z] Конфигурация ACR завершена.
[2025-10-26T12:48:42.125Z] Получен путь директории "Documents" из реестра Windows: "C:\Users\evgen\OneDrive\Документы".
[2025-10-26T12:48:42.194Z] Проверка версии приложения.
[2025-10-26T12:48:42.266Z] Текущая версия приложения совпадает с актуальной.
[2025-10-26T12:48:42.432Z] Проверка конфигурации DRT20.
[2025-10-26T12:48:42.433Z] Конфигурация DRT20 завершена.
[2025-10-26T12:48:42.433Z] Проверка конфигурации WRC23.
[2025-10-26T12:48:42.434Z] Конфигурация WRC23 завершена.
[2025-10-26T12:48:42.434Z] Проверка конфигурации ACR.
[2025-10-26T12:48:42.434Z] Конфигурация ACR завершена.
[2025-10-26T12:49:19.530Z] Получен путь директории "Documents" из реестра Windows: "C:\Users\evgen\OneDrive\Документы".
[2025-10-26T12:49:19.594Z] Проверка версии приложения.
[2025-10-26T12:49:19.658Z] Текущая версия приложения совпадает с актуальной.
[2025-10-26T12:49:19.846Z] Проверка конфигурации DRT20.
[2025-10-26T12:49:19.846Z] Конфигурация DRT20 завершена.
[2025-10-26T12:49:19.846Z] Проверка конфигурации WRC23.
[2025-10-26T12:49:19.847Z] Конфигурация WRC23 завершена.
[2025-10-26T12:49:19.847Z] Проверка конфигурации ACR.
[2025-10-26T12:49:19.847Z] Конфигурация ACR завершена.
[2025-10-26T12:49:45.210Z] Получен путь директории "Documents" из реестра Windows: "C:\Users\evgen\OneDrive\Документы".
[2025-10-26T12:49:45.274Z] Проверка версии приложения.
[2025-10-26T12:49:45.353Z] Текущая версия приложения совпадает с актуальной.
[2025-10-26T12:49:49.908Z] Проверка конфигурации DRT20.
[2025-10-26T12:49:49.909Z] Конфигурация DRT20 завершена.
[2025-10-26T12:49:49.909Z] Проверка конфигурации WRC23.
[2025-10-26T12:49:49.909Z] Конфигурация WRC23 завершена.
[2025-10-26T12:49:49.910Z] Проверка конфигурации ACR.
[2025-10-26T12:49:49.910Z] Конфигурация ACR завершена.
[2025-10-26T14:29:15.064Z] Получен путь директории "Documents" из реестра Windows: "C:\Users\evgen\OneDrive\Документы".
[2025-10-26T14:29:15.126Z] Проверка версии приложения.
[2025-10-26T14:29:15.198Z] Текущая версия приложения совпадает с актуальной.
[2025-10-26T14:33:28.220Z] Получен путь директории "Documents" из реестра Windows: "C:\Users\evgen\OneDrive\Документы".
[2025-10-26T14:33:28.266Z] Проверка версии приложения.
[2025-10-26T14:33:28.338Z] Текущая версия приложения совпадает с актуальной.
[2025-10-26T14:33:40.459Z] Получен путь директории "Documents" из реестра Windows: "C:\Users\evgen\OneDrive\Документы".
[2025-10-26T14:33:40.503Z] Проверка версии приложения.
[2025-10-26T14:33:40.581Z] Текущая версия приложения совпадает с актуальной.
[2025-10-26T14:34:30.513Z] Получен путь директории "Documents" из реестра Windows: "C:\Users\evgen\OneDrive\Документы".
[2025-10-26T14:34:30.560Z] Проверка версии приложения.
[2025-10-26T14:34:30.630Z] Текущая версия приложения совпадает с актуальной.
[2025-10-26T14:34:54.531Z] Получен путь директории "Documents" из реестра Windows: "C:\Users\evgen\OneDrive\Документы".
[2025-10-26T14:34:54.571Z] Проверка версии приложения.
[2025-10-26T14:34:54.644Z] Текущая версия приложения совпадает с актуальной.
[2025-10-26T14:35:15.465Z] Получен путь директории "Documents" из реестра Windows: "C:\Users\evgen\OneDrive\Документы".
[2025-10-26T14:35:15.507Z] Проверка версии приложения.
[2025-10-26T14:35:15.583Z] Текущая версия приложения совпадает с актуальной.
[2025-10-26T14:36:38.020Z] Получен путь директории "Documents" из реестра Windows: "C:\Users\evgen\OneDrive\Документы".
[2025-10-26T14:36:38.063Z] Проверка версии приложения.
[2025-10-26T14:36:38.143Z] Текущая версия приложения совпадает с актуальной.
[2025-10-26T14:37:05.226Z] Получен путь директории "Documents" из реестра Windows: "C:\Users\evgen\OneDrive\Документы".
[2025-10-26T14:37:05.269Z] Проверка версии приложения.
[2025-10-26T14:37:05.358Z] Текущая версия приложения совпадает с актуальной.
[2025-10-26T14:37:31.831Z] Получен путь директории "Documents" из реестра Windows: "C:\Users\evgen\OneDrive\Документы".
[2025-10-26T14:37:31.871Z] Проверка версии приложения.
[2025-10-26T14:37:31.954Z] Текущая версия приложения совпадает с актуальной.
[2025-10-26T14:39:46.650Z] Получен путь директории "Documents" из реестра Windows: "C:\Users\evgen\OneDrive\Документы".
[2025-10-26T14:39:46.691Z] Проверка версии приложения.
[2025-10-26T14:39:46.764Z] Текущая версия приложения совпадает с актуальной.
[2025-10-26T14:40:39.950Z] Получен путь директории "Documents" из реестра Windows: "C:\Users\evgen\OneDrive\Документы".
[2025-10-26T14:40:39.992Z] Проверка версии приложения.
[2025-10-26T14:40:40.063Z] Текущая версия приложения совпадает с актуальной.
[2025-10-26T14:41:18.979Z] Получен путь директории "Documents" из реестра Windows: "C:\Users\evgen\OneDrive\Документы".
[2025-10-26T14:41:19.016Z] Проверка версии приложения.
[2025-10-26T14:41:19.092Z] Текущая версия приложения совпадает с актуальной.
[2025-10-26T14:41:19.288Z] Проверка конфигурации DRT20.
[2025-10-26T14:41:19.297Z] Конфигурация DRT20 завершена.
[2025-10-26T14:41:19.298Z] Проверка конфигурации WRC23.
[2025-10-26T14:41:19.312Z] Конфигурация WRC23 завершена.
[2025-10-26T14:41:19.312Z] Проверка конфигурации ACR.
[2025-10-26T14:41:19.312Z] Конфигурация ACR завершена.
[2025-10-26T14:42:41.495Z] Получен путь директории "Documents" из реестра Windows: "C:\Users\evgen\OneDrive\Документы".
[2025-10-26T14:42:41.531Z] Проверка версии приложения.
[2025-10-26T14:42:41.607Z] Текущая версия приложения совпадает с актуальной.
[2025-10-26T14:42:41.808Z] Проверка конфигурации DRT20.
[2025-10-26T14:42:41.808Z] Конфигурация DRT20 завершена.
[2025-10-26T14:42:41.809Z] Проверка конфигурации WRC23.
[2025-10-26T14:42:41.809Z] Конфигурация WRC23 завершена.
[2025-10-26T14:42:41.809Z] Проверка конфигурации ACR.
[2025-10-26T14:42:41.809Z] Конфигурация ACR завершена.
[2025-10-26T14:42:50.963Z] Получен путь директории "Documents" из реестра Windows: "C:\Users\evgen\OneDrive\Документы".
[2025-10-26T14:42:51.009Z] Проверка версии приложения.
[2025-10-26T14:42:51.068Z] Ошибка при выполнении запроса. Путь: "http://127.0.0.1:30001/client/version". Ошибка: TypeError: fetch failed. Код: ECONNREFUSED. Попытка: 1/5.
[2025-10-26T14:42:52.079Z] Ошибка при выполнении запроса. Путь: "http://127.0.0.1:30001/client/version". Ошибка: TypeError: fetch failed. Код: ECONNREFUSED. Попытка: 2/5.
[2025-10-26T14:42:53.088Z] Ошибка при выполнении запроса. Путь: "http://127.0.0.1:30001/client/version". Ошибка: TypeError: fetch failed. Код: ECONNREFUSED. Попытка: 3/5.
[2025-10-26T14:42:54.093Z] Ошибка при выполнении запроса. Путь: "http://127.0.0.1:30001/client/version". Ошибка: TypeError: fetch failed. Код: ECONNREFUSED. Попытка: 4/5.
[2025-10-26T14:42:55.098Z] Ошибка при выполнении запроса. Путь: "http://127.0.0.1:30001/client/version". Ошибка: TypeError: fetch failed. Код: ECONNREFUSED. Попытка: 5/5.
[2025-10-26T14:44:03.661Z] Получен путь директории "Documents" из реестра Windows: "C:\Users\evgen\OneDrive\Документы".
[2025-10-26T14:44:03.698Z] Проверка версии приложения.
[2025-10-26T14:44:03.745Z] Ошибка при выполнении запроса. Путь: "http://127.0.0.1:30001/client/version". Ошибка: TypeError: fetch failed. Код: ECONNREFUSED. Попытка: 1/5.
[2025-10-26T14:44:04.748Z] Ошибка при выполнении запроса. Путь: "http://127.0.0.1:30001/client/version". Ошибка: TypeError: fetch failed. Код: ECONNREFUSED. Попытка: 2/5.
[2025-10-26T14:44:05.752Z] Ошибка при выполнении запроса. Путь: "http://127.0.0.1:30001/client/version". Ошибка: TypeError: fetch failed. Код: ECONNREFUSED. Попытка: 3/5.
[2025-10-26T14:44:06.757Z] Ошибка при выполнении запроса. Путь: "http://127.0.0.1:30001/client/version". Ошибка: TypeError: fetch failed. Код: ECONNREFUSED. Попытка: 4/5.
[2025-10-26T14:44:07.764Z] Ошибка при выполнении запроса. Путь: "http://127.0.0.1:30001/client/version". Ошибка: TypeError: fetch failed. Код: ECONNREFUSED. Попытка: 5/5.
[2025-10-26T14:44:47.322Z] Получен путь директории "Documents" из реестра Windows: "C:\Users\evgen\OneDrive\Документы".
[2025-10-26T14:44:47.359Z] Проверка версии приложения.
[2025-10-26T14:44:47.431Z] Текущая версия приложения совпадает с актуальной.
[2025-10-26T14:44:52.436Z] Ошибка при выполнении запроса. Путь: "http://127.0.0.1:30001/routes". Ошибка: AbortError: This operation was aborted. Попытка: 1/5.
[2025-10-26T14:44:58.452Z] Ошибка при выполнении запроса. Путь: "http://127.0.0.1:30001/routes". Ошибка: AbortError: This operation was aborted. Попытка: 2/5.
[2025-10-26T14:45:04.462Z] Ошибка при выполнении запроса. Путь: "http://127.0.0.1:30001/routes". Ошибка: AbortError: This operation was aborted. Попытка: 3/5.
[2025-10-26T14:45:10.478Z] Ошибка при выполнении запроса. Путь: "http://127.0.0.1:30001/routes". Ошибка: AbortError: This operation was aborted. Попытка: 4/5.
[2025-10-26T14:45:16.486Z] Ошибка при выполнении запроса. Путь: "http://127.0.0.1:30001/routes". Ошибка: AbortError: This operation was aborted. Попытка: 5/5.
[2025-10-26T14:46:15.567Z] Получен путь директории "Documents" из реестра Windows: "C:\Users\evgen\OneDrive\Документы".
[2025-10-26T14:46:15.603Z] Проверка версии приложения.
[2025-10-26T14:46:15.676Z] Текущая версия приложения совпадает с актуальной.
[2025-10-26T14:46:20.691Z] Ошибка при выполнении запроса. Путь: "http://127.0.0.1:30001/routes". Ошибка: AbortError: This operation was aborted. Попытка: 1/5.
[2025-10-26T14:46:26.700Z] Ошибка при выполнении запроса. Путь: "http://127.0.0.1:30001/routes". Ошибка: AbortError: This operation was aborted. Попытка: 2/5.
[2025-10-26T14:46:32.717Z] Ошибка при выполнении запроса. Путь: "http://127.0.0.1:30001/routes". Ошибка: AbortError: This operation was aborted. Попытка: 3/5.
[2025-10-26T14:46:38.729Z] Ошибка при выполнении запроса. Путь: "http://127.0.0.1:30001/routes". Ошибка: AbortError: This operation was aborted. Попытка: 4/5.
[2025-10-26T14:46:44.744Z] Ошибка при выполнении запроса. Путь: "http://127.0.0.1:30001/routes". Ошибка: AbortError: This operation was aborted. Попытка: 5/5.
[2025-10-26T14:46:54.813Z] Получен путь директории "Documents" из реестра Windows: "C:\Users\evgen\OneDrive\Документы".
[2025-10-26T14:46:54.850Z] Проверка версии приложения.
[2025-10-26T14:46:54.931Z] Текущая версия приложения совпадает с актуальной.
[2025-10-26T14:46:59.934Z] Ошибка при выполнении запроса. Путь: "http://127.0.0.1:30001/routes". Ошибка: AbortError: This operation was aborted. Попытка: 1/5.
[2025-10-26T14:47:05.953Z] Ошибка при выполнении запроса. Путь: "http://127.0.0.1:30001/routes". Ошибка: AbortError: This operation was aborted. Попытка: 2/5.
[2025-10-26T14:47:11.971Z] Ошибка при выполнении запроса. Путь: "http://127.0.0.1:30001/routes". Ошибка: AbortError: This operation was aborted. Попытка: 3/5.
[2025-10-26T14:47:17.980Z] Ошибка при выполнении запроса. Путь: "http://127.0.0.1:30001/routes". Ошибка: AbortError: This operation was aborted. Попытка: 4/5.
[2025-10-26T14:47:22.438Z] Ошибка при выполнении запроса. Путь: "http://127.0.0.1:30001/routes". Ошибка: TypeError: fetch failed. Код: ECONNRESET. Попытка: 5/5.
[2025-10-26T14:47:27.366Z] Получен путь директории "Documents" из реестра Windows: "C:\Users\evgen\OneDrive\Документы".
[2025-10-26T14:47:27.411Z] Проверка версии приложения.
[2025-10-26T14:47:27.501Z] Текущая версия приложения совпадает с актуальной.
[2025-10-26T14:47:32.113Z] Проверка конфигурации DRT20.
[2025-10-26T14:47:32.114Z] Конфигурация DRT20 завершена.
[2025-10-26T14:47:32.114Z] Проверка конфигурации WRC23.
[2025-10-26T14:47:32.114Z] Конфигурация WRC23 завершена.
[2025-10-26T14:47:32.114Z] Проверка конфигурации ACR.
[2025-10-26T14:47:32.114Z] Конфигурация ACR завершена.
[2025-10-26T14:48:09.374Z] Получен путь директории "Documents" из реестра Windows: "C:\Users\evgen\OneDrive\Документы".
[2025-10-26T14:48:09.423Z] Проверка версии приложения.
[2025-10-26T14:48:09.504Z] Текущая версия приложения совпадает с актуальной.
[2025-10-26T14:48:12.242Z] Проверка конфигурации DRT20.
[2025-10-26T14:48:12.242Z] Конфигурация DRT20 завершена.
[2025-10-26T14:48:12.243Z] Проверка конфигурации WRC23.
[2025-10-26T14:48:12.243Z] Конфигурация WRC23 завершена.
[2025-10-26T14:48:12.244Z] Проверка конфигурации ACR.
[2025-10-26T14:48:12.244Z] Конфигурация ACR завершена.
[2025-10-26T14:55:14.766Z] Получен путь директории "Documents" из реестра Windows: "C:\Users\evgen\OneDrive\Документы".
[2025-10-26T14:55:14.802Z] Проверка версии приложения.
[2025-10-26T14:55:14.880Z] Текущая версия приложения совпадает с актуальной.
[2025-10-26T14:55:15.091Z] Проверка конфигурации DRT20.
[2025-10-26T14:55:15.092Z] Конфигурация DRT20 завершена.
[2025-10-26T14:55:15.092Z] Проверка конфигурации WRC23.
[2025-10-26T14:55:15.093Z] Конфигурация WRC23 завершена.
[2025-10-26T14:55:15.093Z] Проверка конфигурации ACR.
[2025-10-26T14:55:15.093Z] Конфигурация ACR завершена.
[2025-10-26T14:57:30.253Z] Получен путь директории "Documents" из реестра Windows: "C:\Users\evgen\OneDrive\Документы".
[2025-10-26T14:57:30.297Z] Проверка версии приложения.
[2025-10-26T14:57:30.374Z] Текущая версия приложения совпадает с актуальной.
[2025-10-26T14:57:33.330Z] Проверка конфигурации DRT20.
[2025-10-26T14:57:33.331Z] Конфигурация DRT20 завершена.
[2025-10-26T14:57:33.331Z] Проверка конфигурации WRC23.
[2025-10-26T14:57:33.331Z] Конфигурация WRC23 завершена.
[2025-10-26T14:57:33.332Z] Проверка конфигурации ACR.
[2025-10-26T14:57:33.332Z] Конфигурация ACR завершена.
[2025-10-26T14:58:09.540Z] Получен путь директории "Documents" из реестра Windows: "C:\Users\evgen\OneDrive\Документы".
[2025-10-26T14:58:09.577Z] Проверка версии приложения.
[2025-10-26T14:58:09.650Z] Текущая версия приложения совпадает с актуальной.
[2025-10-26T14:58:12.823Z] Проверка конфигурации DRT20.
[2025-10-26T14:58:12.823Z] Конфигурация DRT20 завершена.
[2025-10-26T14:58:12.823Z] Проверка конфигурации WRC23.
[2025-10-26T14:58:12.824Z] Конфигурация WRC23 завершена.
[2025-10-26T14:58:12.824Z] Проверка конфигурации ACR.
[2025-10-26T14:58:12.824Z] Конфигурация ACR завершена.
[2025-10-26T15:04:02.413Z] Получен путь директории "Documents" из реестра Windows: "C:\Users\evgen\OneDrive\Документы".
[2025-10-26T15:04:02.456Z] Проверка версии приложения.
[2025-10-26T15:04:02.534Z] Текущая версия приложения совпадает с актуальной.
[2025-10-26T15:04:02.770Z] Проверка конфигурации DRT20.
[2025-10-26T15:04:02.770Z] Конфигурация DRT20 завершена.
[2025-10-26T15:04:02.771Z] Проверка конфигурации WRC23.
[2025-10-26T15:04:02.771Z] Конфигурация WRC23 завершена.
[2025-10-26T15:04:02.772Z] Проверка конфигурации ACR.
[2025-10-26T15:04:02.772Z] Конфигурация ACR завершена.
[2025-10-26T15:04:50.475Z] Получен путь директории "Documents" из реестра Windows: "C:\Users\evgen\OneDrive\Документы".
[2025-10-26T15:04:50.519Z] Проверка версии приложения.
[2025-10-26T15:04:50.595Z] Текущая версия приложения совпадает с актуальной.
[2025-10-26T15:04:50.800Z] Проверка конфигурации DRT20.
[2025-10-26T15:04:50.801Z] Конфигурация DRT20 завершена.
[2025-10-26T15:04:50.801Z] Проверка конфигурации WRC23.
[2025-10-26T15:04:50.802Z] Конфигурация WRC23 завершена.
[2025-10-26T15:04:50.802Z] Проверка конфигурации ACR.
[2025-10-26T15:04:50.802Z] Конфигурация ACR завершена.
[2025-10-26T15:05:42.685Z] Получен путь директории "Documents" из реестра Windows: "C:\Users\evgen\OneDrive\Документы".
[2025-10-26T15:05:42.733Z] Проверка версии приложения.
[2025-10-26T15:05:42.810Z] Текущая версия приложения совпадает с актуальной.
[2025-10-26T15:05:43.013Z] Проверка конфигурации DRT20.
[2025-10-26T15:05:43.013Z] Конфигурация DRT20 завершена.
[2025-10-26T15:05:43.013Z] Проверка конфигурации WRC23.
[2025-10-26T15:05:43.014Z] Конфигурация WRC23 завершена.
[2025-10-26T15:05:43.014Z] Проверка конфигурации ACR.
[2025-10-26T15:05:43.014Z] Конфигурация ACR завершена.
[2025-10-26T15:08:02.269Z] Получен путь директории "Documents" из реестра Windows: "C:\Users\evgen\OneDrive\Документы".
[2025-10-26T15:08:02.313Z] Проверка версии приложения.
[2025-10-26T15:08:02.385Z] Текущая версия приложения совпадает с актуальной.
[2025-10-26T15:08:02.587Z] Проверка конфигурации DRT20.
[2025-10-26T15:08:02.587Z] Конфигурация DRT20 завершена.
[2025-10-26T15:08:02.587Z] Проверка конфигурации WRC23.
[2025-10-26T15:08:02.588Z] Конфигурация WRC23 завершена.
[2025-10-26T15:08:02.588Z] Проверка конфигурации ACR.
[2025-10-26T15:08:02.588Z] Конфигурация ACR завершена.
[2025-10-26T15:08:06.910Z] Получен путь директории "Documents" из реестра Windows: "C:\Users\evgen\OneDrive\Документы".
[2025-10-26T15:08:06.966Z] Проверка версии приложения.
[2025-10-26T15:08:07.048Z] Текущая версия приложения совпадает с актуальной.
[2025-10-26T15:08:07.228Z] Проверка конфигурации DRT20.
[2025-10-26T15:08:07.229Z] Конфигурация DRT20 завершена.
[2025-10-26T15:08:07.229Z] Проверка конфигурации WRC23.
[2025-10-26T15:08:07.230Z] Конфигурация WRC23 завершена.
[2025-10-26T15:08:07.230Z] Проверка конфигурации ACR.
[2025-10-26T15:08:07.231Z] Конфигурация ACR завершена.
[2025-10-26T15:09:10.136Z] Получен путь директории "Documents" из реестра Windows: "C:\Users\evgen\OneDrive\Документы".
[2025-10-26T15:09:10.178Z] Проверка версии приложения.
[2025-10-26T15:09:10.249Z] Текущая версия приложения совпадает с актуальной.
[2025-10-26T15:09:10.457Z] Проверка конфигурации DRT20.
[2025-10-26T15:09:10.458Z] Конфигурация DRT20 завершена.
[2025-10-26T15:09:10.458Z] Проверка конфигурации WRC23.
[2025-10-26T15:09:10.458Z] Конфигурация WRC23 завершена.
[2025-10-26T15:09:10.459Z] Проверка конфигурации ACR.
[2025-10-26T15:09:10.459Z] Конфигурация ACR завершена.
[2025-10-26T15:10:44.836Z] Получен путь директории "Documents" из реестра Windows: "C:\Users\evgen\OneDrive\Документы".
[2025-10-26T15:10:44.881Z] Проверка версии приложения.
[2025-10-26T15:10:44.952Z] Текущая версия приложения совпадает с актуальной.
[2025-10-26T15:10:45.176Z] Проверка конфигурации DRT20.
[2025-10-26T15:10:45.177Z] Конфигурация DRT20 завершена.
[2025-10-26T15:10:45.177Z] Проверка конфигурации WRC23.
[2025-10-26T15:10:45.178Z] Конфигурация WRC23 завершена.
[2025-10-26T15:10:45.178Z] Проверка конфигурации ACR.
[2025-10-26T15:10:45.178Z] Конфигурация ACR завершена.
[2025-10-26T15:11:02.238Z] Получен путь директории "Documents" из реестра Windows: "C:\Users\evgen\OneDrive\Документы".
[2025-10-26T15:11:02.280Z] Проверка версии приложения.
[2025-10-26T15:11:02.362Z] Текущая версия приложения совпадает с актуальной.
[2025-10-26T15:11:02.560Z] Проверка конфигурации DRT20.
[2025-10-26T15:11:02.561Z] Конфигурация DRT20 завершена.
[2025-10-26T15:11:02.561Z] Проверка конфигурации WRC23.
[2025-10-26T15:11:02.561Z] Конфигурация WRC23 завершена.
[2025-10-26T15:11:02.561Z] Проверка конфигурации ACR.
[2025-10-26T15:11:02.561Z] Конфигурация ACR завершена.
[2025-10-26T15:14:26.408Z] Получен путь директории "Documents" из реестра Windows: "C:\Users\evgen\OneDrive\Документы".
[2025-10-26T15:14:26.450Z] Проверка версии приложения.
[2025-10-26T15:14:26.528Z] Текущая версия приложения совпадает с актуальной.
[2025-10-26T15:14:26.732Z] Проверка конфигурации DRT20.
[2025-10-26T15:14:26.732Z] Конфигурация DRT20 завершена.
[2025-10-26T15:14:26.733Z] Проверка конфигурации WRC23.
[2025-10-26T15:14:26.733Z] Конфигурация WRC23 завершена.
[2025-10-26T15:14:26.733Z] Проверка конфигурации ACR.
[2025-10-26T15:14:26.733Z] Конфигурация ACR завершена.
[2025-10-26T15:15:37.563Z] Получен путь директории "Documents" из реестра Windows: "C:\Users\evgen\OneDrive\Документы".
[2025-10-26T15:15:37.604Z] Проверка версии приложения.
[2025-10-26T15:15:37.683Z] Текущая версия приложения совпадает с актуальной.
[2025-10-26T15:15:37.914Z] Проверка конфигурации DRT20.
[2025-10-26T15:15:37.915Z] Конфигурация DRT20 завершена.
[2025-10-26T15:15:37.915Z] Проверка конфигурации WRC23.
[2025-10-26T15:15:37.916Z] Конфигурация WRC23 завершена.
[2025-10-26T15:15:37.916Z] Проверка конфигурации ACR.
[2025-10-26T15:15:37.916Z] Конфигурация ACR завершена.
[2025-10-26T15:15:42.424Z] Получен путь директории "Documents" из реестра Windows: "C:\Users\evgen\OneDrive\Документы".
[2025-10-26T15:15:42.462Z] Проверка версии приложения.
[2025-10-26T15:15:42.536Z] Текущая версия приложения совпадает с актуальной.
[2025-10-26T15:15:42.753Z] Проверка конфигурации DRT20.
[2025-10-26T15:15:42.754Z] Конфигурация DRT20 завершена.
[2025-10-26T15:15:42.754Z] Проверка конфигурации WRC23.
[2025-10-26T15:15:42.755Z] Конфигурация WRC23 завершена.
[2025-10-26T15:15:42.755Z] Проверка конфигурации ACR.
[2025-10-26T15:15:42.755Z] Конфигурация ACR завершена.
[2025-10-26T15:15:51.034Z] Получен путь директории "Documents" из реестра Windows: "C:\Users\evgen\OneDrive\Документы".
[2025-10-26T15:15:51.074Z] Проверка версии приложения.
[2025-10-26T15:15:51.154Z] Текущая версия приложения совпадает с актуальной.
[2025-10-26T15:15:51.365Z] Проверка конфигурации DRT20.
[2025-10-26T15:15:51.365Z] Конфигурация DRT20 завершена.
[2025-10-26T15:15:51.366Z] Проверка конфигурации WRC23.
[2025-10-26T15:15:51.366Z] Конфигурация WRC23 завершена.
[2025-10-26T15:15:51.366Z] Проверка конфигурации ACR.
[2025-10-26T15:15:51.367Z] Конфигурация ACR завершена.
[2025-10-26T15:16:04.868Z] Получен путь директории "Documents" из реестра Windows: "C:\Users\evgen\OneDrive\Документы".
[2025-10-26T15:16:04.913Z] Проверка версии приложения.
[2025-10-26T15:16:04.994Z] Текущая версия приложения совпадает с актуальной.
[2025-10-26T15:16:05.189Z] Проверка конфигурации DRT20.
[2025-10-26T15:16:05.189Z] Конфигурация DRT20 завершена.
[2025-10-26T15:16:05.189Z] Проверка конфигурации WRC23.
[2025-10-26T15:16:05.190Z] Конфигурация WRC23 завершена.
[2025-10-26T15:16:05.190Z] Проверка конфигурации ACR.
[2025-10-26T15:16:05.190Z] Конфигурация ACR завершена.
[2025-10-26T15:19:17.958Z] Получен путь директории "Documents" из реестра Windows: "C:\Users\evgen\OneDrive\Документы".
[2025-10-26T15:19:18.000Z] Проверка версии приложения.
[2025-10-26T15:19:18.076Z] Текущая версия приложения совпадает с актуальной.
[2025-10-26T15:19:18.284Z] Проверка конфигурации DRT20.
[2025-10-26T15:19:18.284Z] Конфигурация DRT20 завершена.
[2025-10-26T15:19:18.285Z] Проверка конфигурации WRC23.
[2025-10-26T15:19:18.285Z] Конфигурация WRC23 завершена.
[2025-10-26T15:19:18.285Z] Проверка конфигурации ACR.
[2025-10-26T15:19:18.285Z] Конфигурация ACR завершена.
[2025-10-26T15:19:24.892Z] Получен путь директории "Documents" из реестра Windows: "C:\Users\evgen\OneDrive\Документы".
[2025-10-26T15:19:24.935Z] Проверка версии приложения.
[2025-10-26T15:19:25.014Z] Текущая версия приложения совпадает с актуальной.
[2025-10-26T15:19:25.226Z] Проверка конфигурации DRT20.
[2025-10-26T15:19:25.227Z] Конфигурация DRT20 завершена.
[2025-10-26T15:19:25.227Z] Проверка конфигурации WRC23.
[2025-10-26T15:19:25.228Z] Конфигурация WRC23 завершена.
[2025-10-26T15:19:25.228Z] Проверка конфигурации ACR.
[2025-10-26T15:19:25.228Z] Конфигурация ACR завершена.
[2025-10-26T15:19:28.130Z] Получен путь директории "Documents" из реестра Windows: "C:\Users\evgen\OneDrive\Документы".
[2025-10-26T15:19:28.174Z] Проверка версии приложения.
[2025-10-26T15:19:28.253Z] Текущая версия приложения совпадает с актуальной.
[2025-10-26T15:19:28.470Z] Проверка конфигурации DRT20.
[2025-10-26T15:19:28.471Z] Конфигурация DRT20 завершена.
[2025-10-26T15:19:28.471Z] Проверка конфигурации WRC23.
[2025-10-26T15:19:28.472Z] Конфигурация WRC23 завершена.
[2025-10-26T15:19:28.472Z] Проверка конфигурации ACR.
[2025-10-26T15:19:28.472Z] Конфигурация ACR завершена.
[2025-10-26T15:19:30.919Z] Получен путь директории "Documents" из реестра Windows: "C:\Users\evgen\OneDrive\Документы".
[2025-10-26T15:19:30.959Z] Проверка версии приложения.
[2025-10-26T15:19:31.042Z] Текущая версия приложения совпадает с актуальной.
[2025-10-26T15:19:31.249Z] Проверка конфигурации DRT20.
[2025-10-26T15:19:31.249Z] Конфигурация DRT20 завершена.
[2025-10-26T15:19:31.249Z] Проверка конфигурации WRC23.
[2025-10-26T15:19:31.250Z] Конфигурация WRC23 завершена.
[2025-10-26T15:19:31.250Z] Проверка конфигурации ACR.
[2025-10-26T15:19:31.250Z] Конфигурация ACR завершена.
[2025-10-26T15:19:33.845Z] Получен путь директории "Documents" из реестра Windows: "C:\Users\evgen\OneDrive\Документы".
[2025-10-26T15:19:33.885Z] Проверка версии приложения.
[2025-10-26T15:19:33.961Z] Текущая версия приложения совпадает с актуальной.
[2025-10-26T15:19:34.147Z] Проверка конфигурации DRT20.
[2025-10-26T15:19:34.148Z] Конфигурация DRT20 завершена.
[2025-10-26T15:19:34.148Z] Проверка конфигурации WRC23.
[2025-10-26T15:19:34.149Z] Конфигурация WRC23 завершена.
[2025-10-26T15:19:34.149Z] Проверка конфигурации ACR.
[2025-10-26T15:19:34.149Z] Конфигурация ACR завершена.
[2025-10-26T15:52:00.254Z] Получен путь директории "Documents" из реестра Windows: "C:\Users\evgen\OneDrive\Документы".
[2025-10-26T15:52:00.342Z] Проверка версии приложения.
[2025-10-26T15:52:00.411Z] Текущая версия приложения совпадает с актуальной.
[2025-10-26T15:52:03.336Z] Проверка конфигурации DRT20.
[2025-10-26T15:52:03.337Z] Конфигурация DRT20 завершена.
[2025-10-26T15:52:03.337Z] Проверка конфигурации WRC23.
[2025-10-26T15:52:03.338Z] Конфигурация WRC23 завершена.
[2025-10-26T15:52:03.338Z] Проверка конфигурации ACR.
[2025-10-26T15:52:03.338Z] Конфигурация ACR завершена.
[2025-10-26T16:01:31.614Z] Получен путь директории "Documents" из реестра Windows: "C:\Users\evgen\OneDrive\Документы".
[2025-10-26T16:01:31.655Z] Проверка версии приложения.
[2025-10-26T16:01:31.740Z] Текущая версия приложения совпадает с актуальной.
[2025-10-26T16:01:31.952Z] Проверка конфигурации DRT20.
[2025-10-26T16:01:31.952Z] Конфигурация DRT20 завершена.
[2025-10-26T16:01:31.953Z] Проверка конфигурации WRC23.
[2025-10-26T16:01:31.953Z] Конфигурация WRC23 завершена.
[2025-10-26T16:01:31.953Z] Проверка конфигурации ACR.
[2025-10-26T16:01:31.954Z] Конфигурация ACR завершена.
[2025-10-26T16:13:52.928Z] Получен путь директории "Documents" из реестра Windows: "C:\Users\evgen\OneDrive\Документы".
[2025-10-26T16:13:52.964Z] Проверка версии приложения.
[2025-10-26T16:13:53.035Z] Текущая версия приложения совпадает с актуальной.
[2025-10-26T16:13:53.216Z] Проверка конфигурации DRT20.
[2025-10-26T16:13:53.217Z] Конфигурация DRT20 завершена.
[2025-10-26T16:13:53.217Z] Проверка конфигурации WRC23.
[2025-10-26T16:13:53.217Z] Конфигурация WRC23 завершена.
[2025-10-26T16:13:53.218Z] Проверка конфигурации ACR.
[2025-10-26T16:13:53.218Z] Конфигурация ACR завершена.
